<?xml version="1.0" encoding="UTF-8" standalone="no"?><testsuite errors="1" failures="0" name="Realizar la reserva de un vuelo en la pagina de avianca" skipped="0" tests="1" time="164.65" timestamp="2023-01-29 05:03:23"><testcase name=": Reservar vuelo en avianca - Best price -"><error message="Element &lt;button id=&quot;iniciaFlujo&quot; class=&quot;btn primary btn-codepromo rojo&quot; type=&quot;button&quot;&gt; could not be scrolled into view&#10;Build info: version: '4.7.1', revision: 'c6795baf1a3'&#10;System info: os.name: 'Mac OS X', os.arch: 'x86_64', os.version: '10.16', java.version: '16.0.2'&#10;Driver info: org.openqa.selenium.firefox.FirefoxDriver&#10;Command: [187cf49b-19da-4354-b296-fa11c2fcfc4e, clickElement {id=31a696fd-ef94-4198-aea7-1ae7bf6d1dfe}]&#10;Capabilities {acceptInsecureCerts: false, browserName: firefox, browserVersion: 109.0, moz:accessibilityChecks: false, moz:buildID: 20230112150232, moz:debuggerAddress: 127.0.0.1:42187, moz:geckodriverVersion: 0.32.0, moz:headless: false, moz:platformVersion: 22.1.0, moz:processID: 3687, moz:profile: /var/folders/13/t2svrk1n42x..., moz:shutdownTimeout: 60000, moz:useNonSpecCompliantPointerOrigin: false, moz:webdriverClick: true, moz:windowless: false, pageLoadStrategy: normal, platformName: MAC, proxy: Proxy(), se:cdp: ws://127.0.0.1:42187/devtoo..., se:cdpVersion: 85.0, setWindowRect: true, strictFileInteractability: false, timeouts: {implicit: 0, pageLoad: 300000, script: 30000}, unhandledPromptBehavior: dismiss and notify}&#10;Element: [[FirefoxDriver: firefox on MAC (187cf49b-19da-4354-b296-fa11c2fcfc4e)] -&gt; xpath: //*[@title='Buscar vuelos']]&#10;Session ID: 187cf49b-19da-4354-b296-fa11c2fcfc4e&#10;Build info: version: '4.7.1', revision: 'c6795baf1a3'&#10;System info: os.name: 'Mac OS X', os.arch: 'x86_64', os.version: '10.16', java.version: '16.0.2'&#10;Driver info: driver.version: unknown" type="org.openqa.selenium.ElementNotInteractableException">Element &lt;button id="iniciaFlujo" class="btn primary btn-codepromo rojo" type="button"&gt; could not be scrolled into view
Build info: version: '4.7.1', revision: 'c6795baf1a3'
System info: os.name: 'Mac OS X', os.arch: 'x86_64', os.version: '10.16', java.version: '16.0.2'
Driver info: org.openqa.selenium.firefox.FirefoxDriver
Command: [187cf49b-19da-4354-b296-fa11c2fcfc4e, clickElement {id=31a696fd-ef94-4198-aea7-1ae7bf6d1dfe}]
Capabilities {acceptInsecureCerts: false, browserName: firefox, browserVersion: 109.0, moz:accessibilityChecks: false, moz:buildID: 20230112150232, moz:debuggerAddress: 127.0.0.1:42187, moz:geckodriverVersion: 0.32.0, moz:headless: false, moz:platformVersion: 22.1.0, moz:processID: 3687, moz:profile: /var/folders/13/t2svrk1n42x..., moz:shutdownTimeout: 60000, moz:useNonSpecCompliantPointerOrigin: false, moz:webdriverClick: true, moz:windowless: false, pageLoadStrategy: normal, platformName: MAC, proxy: Proxy(), se:cdp: ws://127.0.0.1:42187/devtoo..., se:cdpVersion: 85.0, setWindowRect: true, strictFileInteractability: false, timeouts: {implicit: 0, pageLoad: 300000, script: 30000}, unhandledPromptBehavior: dismiss and notify}
Element: [[FirefoxDriver: firefox on MAC (187cf49b-19da-4354-b296-fa11c2fcfc4e)] -&gt; xpath: //*[@title='Buscar vuelos']]
Session ID: 187cf49b-19da-4354-b296-fa11c2fcfc4e
Build info: version: '4.7.1', revision: 'c6795baf1a3'
System info: os.name: 'Mac OS X', os.arch: 'x86_64', os.version: '10.16', java.version: '16.0.2'
Driver info: driver.version: unknown</error><system-err>Element &lt;button id="iniciaFlujo" class="btn primary btn-codepromo rojo" type="button"&gt; could not be scrolled into view
Build info: version: '4.7.1', revision: 'c6795baf1a3'
System info: os.name: 'Mac OS X', os.arch: 'x86_64', os.version: '10.16', java.version: '16.0.2'
Driver info: org.openqa.selenium.firefox.FirefoxDriver
Command: [187cf49b-19da-4354-b296-fa11c2fcfc4e, clickElement {id=31a696fd-ef94-4198-aea7-1ae7bf6d1dfe}]
Capabilities {acceptInsecureCerts: false, browserName: firefox, browserVersion: 109.0, moz:accessibilityChecks: false, moz:buildID: 20230112150232, moz:debuggerAddress: 127.0.0.1:42187, moz:geckodriverVersion: 0.32.0, moz:headless: false, moz:platformVersion: 22.1.0, moz:processID: 3687, moz:profile: /var/folders/13/t2svrk1n42x..., moz:shutdownTimeout: 60000, moz:useNonSpecCompliantPointerOrigin: false, moz:webdriverClick: true, moz:windowless: false, pageLoadStrategy: normal, platformName: MAC, proxy: Proxy(), se:cdp: ws://127.0.0.1:42187/devtoo..., se:cdpVersion: 85.0, setWindowRect: true, strictFileInteractability: false, timeouts: {implicit: 0, pageLoad: 300000, script: 30000}, unhandledPromptBehavior: dismiss and notify}
Element: [[FirefoxDriver: firefox on MAC (187cf49b-19da-4354-b296-fa11c2fcfc4e)] -&gt; xpath: //*[@title='Buscar vuelos']]
Session ID: 187cf49b-19da-4354-b296-fa11c2fcfc4e
Build info: version: '4.7.1', revision: 'c6795baf1a3'
System info: os.name: 'Mac OS X', os.arch: 'x86_64', os.version: '10.16', java.version: '16.0.2'
Driver info: driver.version: unknown
com.siigoautomatizacion.co.stepsdefinition.ReservarVueloStepsDefinition.pasajerosYNinos(ReservarVueloStepsDefinition.java:49)
✽.pasajeros 2 y ninos 1(file:///Users/hervincamargo/IdeaProjects/com.siigoautomatizacion.co/src/test/resources/features/ReservarVuelo.feature:9)
</system-err></testcase></testsuite>